[debug] [2019-12-27T14:47:01.849Z] ----------------------------------------------------------------------
[debug] [2019-12-27T14:47:01.858Z] Command:       /usr/bin/node /usr/local/bin/firebase init
[debug] [2019-12-27T14:47:01.858Z] CLI Version:   7.11.0
[debug] [2019-12-27T14:47:01.858Z] Platform:      linux
[debug] [2019-12-27T14:47:01.858Z] Node Version:  v10.15.2
[debug] [2019-12-27T14:47:01.859Z] Time:          Fri Dec 27 2019 20:17:01 GMT+0530 (India Standard Time)
[debug] [2019-12-27T14:47:01.859Z] ----------------------------------------------------------------------
[debug] [2019-12-27T14:47:01.859Z] 
[debug] [2019-12-27T14:47:01.867Z] > command requires scopes: ["email","openid","https://www.googleapis.com/auth/cloudplatformprojects.readonly","https://www.googleapis.com/auth/firebase","https://www.googleapis.com/auth/cloud-platform"]
[debug] [2019-12-27T14:47:01.867Z] > authorizing via signed-in user
[info] 
     ######## #### ########  ######## ########     ###     ######  ########
     ##        ##  ##     ## ##       ##     ##  ##   ##  ##       ##
     ######    ##  ########  ######   ########  #########  ######  ######
     ##        ##  ##    ##  ##       ##     ## ##     ##       ## ##
     ##       #### ##     ## ######## ########  ##     ##  ######  ########

You're about to initialize a Firebase project in this directory:

  /home/flux/Desktop/firebase

[debug] [2019-12-27T14:47:14.847Z] TypeError: Cannot read property 'setRawMode' of null
    at ReadStream.setRawMode (tty.js:66:28)
    at Interface._setRawMode (readline.js:251:16)
    at Interface.close (readline.js:376:10)
    at ReadStream.ontermend (readline.js:164:10)
    at ReadStream.emit (events.js:194:15)
    at ReadStream.EventEmitter.emit (domain.js:441:20)
    at endReadableNT (_stream_readable.js:1103:12)
    at process._tickCallback (internal/process/next_tick.js:63:19)
